Arguments: 
  /Users/pierce/.asdf/installs/nodejs/14.5.0/bin/node /Users/pierce/.asdf/installs/yarn/1.22.4/bin/yarn.js add @babel/cli @babel/core @babel-preset-es2015 --dev

PATH: 
  /Users/pierce/.asdf/installs/nodejs/14.5.0/bin:/Users/pierce/.asdf/installs/nodejs/14.5.0/.npm/bin:/Users/pierce/.asdf/installs/yarn/1.22.4/bin:/Users/pierce/.netlify/helper/bin:/Users/pierce/.asdf/shims:/usr/local/opt/asdf/bin:/Users/pierce/.yarn/bin:/usr/local/opt/mysql@5.7/bin:/usr/local/sbin:./node_modules/.bin:/Users/pierce/.composer/vendor/bin:/usr/local/bin:/usr/bin:/bin:/usr/sbin:/sbin:/Users/pierce/.netlify/helper/bin:/usr/local/opt/mysql@5.7/bin:/usr/local/sbin:./node_modules/.bin:/Users/pierce/.composer/vendor/bin:/Users/pierce/.rvm/bin:/Users/pierce/.rvm/bin

Yarn version: 
  1.22.4

Node version: 
  14.5.0

Platform: 
  darwin x64

Trace: 
  Error: https://registry.yarnpkg.com/@babel-preset-es2015: Request "https://registry.yarnpkg.com/@babel-preset-es2015" returned a 405
      at Request.params.callback [as _callback] (/Users/pierce/.asdf/installs/yarn/1.22.4/lib/cli.js:66996:18)
      at Request.self.callback (/Users/pierce/.asdf/installs/yarn/1.22.4/lib/cli.js:140748:22)
      at Request.emit (events.js:314:20)
      at Request.<anonymous> (/Users/pierce/.asdf/installs/yarn/1.22.4/lib/cli.js:141720:10)
      at Request.emit (events.js:314:20)
      at IncomingMessage.<anonymous> (/Users/pierce/.asdf/installs/yarn/1.22.4/lib/cli.js:141642:12)
      at Object.onceWrapper (events.js:420:28)
      at IncomingMessage.emit (events.js:326:22)
      at endReadableNT (_stream_readable.js:1226:12)
      at processTicksAndRejections (internal/process/task_queues.js:80:21)

npm manifest: 
  {
    "name": "shopify-nextjs-app-bridge-utils",
    "version": "1.0.0",
    "description": "A set of server side and client side utilities for interacting with Shopify's App Bridge Session Tokens with NextJs",
    "main": "lib/index.js",
    "babel": {
      "presets": ["es2015"]
    },
    "scripts": {
      "prepublish": "babel src --out-dir lib",
      "build": "babel src --out-dir lib",
      "test": "echo \"Error: no test specified\" && exit 1"
    },
    "author": "",
    "license": "ISC",
    "dependencies": {
      "@shopify/app-bridge-react": "^1.28.0",
      "@shopify/app-bridge-utils": "^1.28.0",
      "axios": "^0.21.0",
      "nonce": "^1.0.4",
      "react": "^17.0.1"
    }
  }

yarn manifest: 
  No manifest

Lockfile: 
  # THIS IS AN AUTOGENERATED FILE. DO NOT EDIT THIS FILE DIRECTLY.
  # yarn lockfile v1
  
  
  "@shopify/app-bridge-react@^1.28.0":
    version "1.28.0"
    resolved "https://registry.yarnpkg.com/@shopify/app-bridge-react/-/app-bridge-react-1.28.0.tgz#eef17d47ab08d4db0ffa5472ac0c48450999b24e"
    integrity sha512-p/Gr1n9+IgECWcK6m5AVrfzZ2BoEouLE/Cc2UYr53iNTgDM2mug9t5nK65znk+5QoL4uGo9DzVqW2ixg92dS8Q==
    dependencies:
      "@shopify/app-bridge" "^1.28.0"
  
  "@shopify/app-bridge-utils@^1.28.0":
    version "1.28.0"
    resolved "https://registry.yarnpkg.com/@shopify/app-bridge-utils/-/app-bridge-utils-1.28.0.tgz#ef5c04c0ba0ea1e16469b0400614620a9b9b86ec"
    integrity sha512-zGg3bBUGYpyHj1qP9BzMUJEfUXRKwhgcPyvLaYsgVKK874SmvS7NF5uMNhn2opF41wZxCwRytmVz00bKkpXM1Q==
    dependencies:
      "@shopify/app-bridge" "^1.28.0"
  
  "@shopify/app-bridge@^1.28.0":
    version "1.28.0"
    resolved "https://registry.yarnpkg.com/@shopify/app-bridge/-/app-bridge-1.28.0.tgz#8fc2d941d528c7b10aa727ae590fff7ad152a86e"
    integrity sha512-EAvOAddypfRVSaHO5un9jRiJUcLGfDxdd8s3FAa1yTXVrLD/3RAFEjwYFePuQsJxt9ieaUL17naE3iHK1HywgA==
  
  axios@^0.21.0:
    version "0.21.0"
    resolved "https://registry.yarnpkg.com/axios/-/axios-0.21.0.tgz#26df088803a2350dff2c27f96fef99fe49442aca"
    integrity sha512-fmkJBknJKoZwem3/IKSSLpkdNXZeBu5Q7GA/aRsr2btgrptmSCxi2oFjZHqGdK9DoTil9PIHlPIZw2EcRJXRvw==
    dependencies:
      follow-redirects "^1.10.0"
  
  follow-redirects@^1.10.0:
    version "1.13.0"
    resolved "https://registry.yarnpkg.com/follow-redirects/-/follow-redirects-1.13.0.tgz#b42e8d93a2a7eea5ed88633676d6597bc8e384db"
    integrity sha512-aq6gF1BEKje4a9i9+5jimNFIpq4Q1WiwBToeRK5NvZBd/TRsmW8BsJfOEGkr76TbOyPVD3OVDN910EcUNtRYEA==
  
  "js-tokens@^3.0.0 || ^4.0.0":
    version "4.0.0"
    resolved "https://registry.yarnpkg.com/js-tokens/-/js-tokens-4.0.0.tgz#19203fb59991df98e3a287050d4647cdeaf32499"
    integrity sha512-RdJUflcE3cUzKiMqQgsCu06FPu9UdIJO0beYbPhHN4k6apgJtifcoCtT9bcxOpYBtpD2kCM6Sbzg4CausW/PKQ==
  
  loose-envify@^1.1.0:
    version "1.4.0"
    resolved "https://registry.yarnpkg.com/loose-envify/-/loose-envify-1.4.0.tgz#71ee51fa7be4caec1a63839f7e682d8132d30caf"
    integrity sha512-lyuxPGr/Wfhrlem2CL/UcnUc1zcqKAImBDzukY7Y5F/yQiNdko6+fRLevlw1HgMySw7f611UIY408EtxRSoK3Q==
    dependencies:
      js-tokens "^3.0.0 || ^4.0.0"
  
  nonce@^1.0.4:
    version "1.0.4"
    resolved "https://registry.yarnpkg.com/nonce/-/nonce-1.0.4.tgz#ee7302ade8c1bef476f301b8c91f5cc51a487612"
    integrity sha1-7nMCrejBvvR28wG4yR9cxRpIdhI=
  
  object-assign@^4.1.1:
    version "4.1.1"
    resolved "https://registry.yarnpkg.com/object-assign/-/object-assign-4.1.1.tgz#2109adc7965887cfc05cbbd442cac8bfbb360863"
    integrity sha1-IQmtx5ZYh8/AXLvUQsrIv7s2CGM=
  
  react@^17.0.1:
    version "17.0.1"
    resolved "https://registry.yarnpkg.com/react/-/react-17.0.1.tgz#6e0600416bd57574e3f86d92edba3d9008726127"
    integrity sha512-lG9c9UuMHdcAexXtigOZLX8exLWkW0Ku29qPRU8uhF2R9BN96dLCt0psvzPLlHc5OWkgymP3qwTRgbnw5BKx3w==
    dependencies:
      loose-envify "^1.1.0"
      object-assign "^4.1.1"
